c:\c++2\cpp2\lab 03 - 2d calculator\debug\2dcalculator.lib
c:\c++2\cpp2\lab 03 - 2d calculator\debug\2dcalculator.exp
c:\c++2\cpp2\lab 03 - 2d calculator\2dcalculator\debug\vc140.pdb
c:\c++2\cpp2\lab 03 - 2d calculator\2dcalculator\debug\vc140.idb
c:\c++2\cpp2\lab 03 - 2d calculator\2dcalculator\debug\additiontab.obj
c:\c++2\cpp2\lab 03 - 2d calculator\2dcalculator\debug\dotproducttab.obj
c:\c++2\cpp2\lab 03 - 2d calculator\2dcalculator\debug\lerptab.obj
c:\c++2\cpp2\lab 03 - 2d calculator\2dcalculator\debug\main.obj
c:\c++2\cpp2\lab 03 - 2d calculator\2dcalculator\debug\perpendiculartab.obj
c:\c++2\cpp2\lab 03 - 2d calculator\2dcalculator\debug\tab.obj
c:\c++2\cpp2\lab 03 - 2d calculator\debug\2dcalculator.ilk
c:\c++2\cpp2\lab 03 - 2d calculator\debug\2dcalculator.exe
c:\c++2\cpp2\lab 03 - 2d calculator\debug\2dcalculator.pdb
c:\c++2\cpp2\lab 03 - 2d calculator\2dcalculator\debug\2dcalculator.tlog\2dcalculator.write.1u.tlog
c:\c++2\cpp2\lab 03 - 2d calculator\2dcalculator\debug\2dcalculator.tlog\cl.command.1.tlog
c:\c++2\cpp2\lab 03 - 2d calculator\2dcalculator\debug\2dcalculator.tlog\cl.read.1.tlog
c:\c++2\cpp2\lab 03 - 2d calculator\2dcalculator\debug\2dcalculator.tlog\cl.write.1.tlog
c:\c++2\cpp2\lab 03 - 2d calculator\2dcalculator\debug\2dcalculator.tlog\link.command.1.tlog
c:\c++2\cpp2\lab 03 - 2d calculator\2dcalculator\debug\2dcalculator.tlog\link.read.1.tlog
c:\c++2\cpp2\lab 03 - 2d calculator\2dcalculator\debug\2dcalculator.tlog\link.write.1.tlog
