2016-06-01 15:22:49.343[Info:          ]GameLogger::Initialize() opened log file [..\Debug\2016-06-01 15-22-49.3422DCalculator.log] for writing.
2016-06-01 15:22:49.343[Process:       ]GameLogger::Initialize() successful
2016-06-01 15:22:49.343[Info:          ]GameLogger::Initialize() opened log file [..\Debug\2DCalculator.config] for reading.
2016-06-01 15:22:49.344[Info:          ]	Added KVP (2DCalculator.AdditionTab, true)
2016-06-01 15:22:49.345[Info:          ]	Added KVP (2DCalculator.DotProductTab, true)
2016-06-01 15:22:49.345[Info:          ]	Added KVP (2DCalculator.LerpTab, true)
2016-06-01 15:22:49.346[Info:          ]	Added KVP (2DCalculator.PerpendicularTab, true)
2016-06-01 15:22:49.346[Info:          ]	Added KVP (2DCalculator.MatrixMultiplicationTab, true)
2016-06-01 15:22:49.347[Info:          ]	Added KVP (2DCalculator.AffineTransformationTab, true)
2016-06-01 15:22:49.347[Info:          ]	Added KVP (2DCalculator.MatrixTransformationTab, true)
2016-06-01 15:22:49.347[Process:       ]ConfigReader::Initialize successful
2016-06-01 15:22:49.347[Process:       ]2DCalculator.AdditionTab::Initialize() successful
2016-06-01 15:22:49.347[Process:       ]2DCalculator.DotProductTab::Initialize() successful
2016-06-01 15:22:49.347[Process:       ]2DCalculator.LerpTab::Initialize() successful
2016-06-01 15:22:49.347[Process:       ]2DCalculator.PerpendicularTab::Initialize() successful
2016-06-01 15:22:49.347[Process:       ]2DCalculator.MatrixMultiplicationTab::Initialize() successful
2016-06-01 15:22:49.347[Process:       ]2DCalculator.AffineTransformationTab::Initialize() successful
2016-06-01 15:22:49.347[Process:       ]2DCalculator.MatrixTransformationTab::Initialize() successful
2016-06-01 15:22:49.347[Process:       ]2DCalculator.Tab::Initialize() successful
2016-06-01 15:22:52.068[Process:       ]ConfigReader::Shutdown() successful
2016-06-01 15:22:52.069[Process:       ]GameLogger::Shutdown() successful
