c:\c++2\cpp2\lab 03 - 2d calculator\engine\debug\vc140.pdb
c:\c++2\cpp2\lab 03 - 2d calculator\engine\debug\vc140.idb
c:\c++2\cpp2\lab 03 - 2d calculator\engine\debug\configreader.obj
c:\c++2\cpp2\lab 03 - 2d calculator\engine\debug\engine.obj
c:\c++2\cpp2\lab 03 - 2d calculator\engine\debug\filepath.obj
c:\c++2\cpp2\lab 03 - 2d calculator\engine\debug\gamelogger.obj
c:\c++2\cpp2\lab 03 - 2d calculator\engine\debug\keyvaluepair.obj
c:\c++2\cpp2\lab 03 - 2d calculator\engine\debug\keyvaluepairs.obj
c:\c++2\cpp2\lab 03 - 2d calculator\engine\debug\logmsgtype.obj
c:\c++2\cpp2\lab 03 - 2d calculator\engine\debug\stringfuncs.obj
c:\c++2\cpp2\lab 03 - 2d calculator\engine\debug\timestamp.obj
c:\c++2\cpp2\lab 03 - 2d calculator\engine\debug\vec2.obj
c:\c++2\cpp2\lab 03 - 2d calculator\debug\engine.lib
c:\c++2\cpp2\lab 03 - 2d calculator\debug\engine.exp
c:\c++2\cpp2\lab 03 - 2d calculator\debug\engine.ilk
c:\c++2\cpp2\lab 03 - 2d calculator\debug\engine.dll
c:\c++2\cpp2\lab 03 - 2d calculator\debug\engine.pdb
c:\c++2\cpp2\lab 03 - 2d calculator\engine\debug\configreader.obj.enc
c:\c++2\cpp2\lab 03 - 2d calculator\engine\debug\stringfuncs.obj.enc
c:\c++2\cpp2\lab 03 - 2d calculator\engine\debug\engine.tlog\cl.command.1.tlog
c:\c++2\cpp2\lab 03 - 2d calculator\engine\debug\engine.tlog\cl.read.1.tlog
c:\c++2\cpp2\lab 03 - 2d calculator\engine\debug\engine.tlog\cl.write.1.tlog
c:\c++2\cpp2\lab 03 - 2d calculator\engine\debug\engine.tlog\engine.write.1u.tlog
c:\c++2\cpp2\lab 03 - 2d calculator\engine\debug\engine.tlog\link.command.1.tlog
c:\c++2\cpp2\lab 03 - 2d calculator\engine\debug\engine.tlog\link.read.1.tlog
c:\c++2\cpp2\lab 03 - 2d calculator\engine\debug\engine.tlog\link.write.1.tlog
